2020-03-20 03:02:19  8226 9612034  INFO                 main: 241 | 
2020-03-20 03:02:19  8226 9612034  INFO                 main: 242 | Benchmarking VSSs:
2020-03-20 03:02:19  8226 9612034  INFO                 main: 244 |  * fk
2020-03-20 03:02:19  8226 9612034  INFO                 main: 247 | 
2020-03-20 03:02:19  8226 9612034  INFO                 main: 250 | Benchmarking thresholds: 
2020-03-20 03:02:19  8226 9612034  INFO                 main: 256 |  * 2 out of 3 VSSs
2020-03-20 03:02:19  8226 9612034  INFO                 main: 256 |  * 4 out of 7 VSSs
2020-03-20 03:02:19  8226 9612034  INFO                 main: 256 |  * 8 out of 15 VSSs
2020-03-20 03:02:19  8226 9612034  INFO                 main: 256 |  * 16 out of 31 VSSs
2020-03-20 03:02:19  8226 9612034  INFO                 main: 256 |  * 32 out of 63 VSSs
2020-03-20 03:02:19  8226 9612034  INFO                 main: 260 | 
2020-03-20 03:02:19  8226 9612034  INFO KatePublicParameters:  22 | Reading back q-PKE parameters... (verify = 0)
2020-03-20 03:02:19  8226 9612034  INFO KatePublicParameters:  28 | available q = 1048576, s = 10732145532678709363797014778137366245520050579514058540036152191332821422830
2020-03-20 03:02:19  8226 9612034  INFO KatePublicParameters:  43 | wanted q = 31
2020-03-20 03:02:19  8226 9612034  INFO KatePublicParameters:  57 | 31 params left to read, looking at /Users/alinush/repos/libpolycrypto/experiments/vss/../../public-params/1048576/1048576-0 ...
2020-03-20 03:02:19  8226 9612034  INFO                 main: 277 | Computing accumulators...
2020-03-20 03:02:19  8226 9612034  INFO                 main: 279 | Authenticating accumulators...
2020-03-20 03:02:19  8226 9612034  PERF                 main: 285 | VMS: 4.09 GiB
2020-03-20 03:02:19  8226 9612034  PERF                 main: 286 | RSS: 1.82 MiB
2020-03-20 03:02:19  8226 9612034  PERF                 main: 317 | Multithreading disabled...

2020-03-20 03:02:19  8226 9612034  INFO         benchmarkVss:  48 | Benchmarking 2 out of 3 'fk' VSS ...
2020-03-20 03:02:19  8226 9612034  INFO         benchmarkVss:  55 |  * Creating 3 players...
2020-03-20 03:02:19  8226 9612034  INFO         benchmarkVss:  63 |  * Dealing 100 time(s): 1, 2, 3, 4, 5, 6, 7, 8, 9, 10, 11, 12, 13, 14, 15, 16, 17, 18, 19, 20, 21, 22, 23, 24, 25, 26, 27, 28, 29, 30, 31, 32, 33, 34, 35, 36, 37, 38, 39, 40, 41, 42, 43, 44, 45, 46, 47, 48, 49, 50, 51, 52, 53, 54, 55, 56, 57, 58, 59, 60, 61, 62, 63, 64, 65, 66, 67, 68, 69, 70, 71, 72, 73, 74, 75, 76, 77, 78, 79, 80, 81, 82, 83, 84, 85, 86, 87, 88, 89, 90, 91, 92, 93, 94, 95, 96, 97, 98, 99, 100, done!
2020-03-20 03:02:19  8226 9612034  INFO         benchmarkVss:  76 |  * Verifying dealer(s) (0 times): 
2020-03-20 03:02:19  8226 9612034  INFO         benchmarkVss: 104 |  * Reconstructing (0 times): 
2020-03-20 03:02:19  8226 9612034  PERF         benchmarkVss: 148 | 
2020-03-20 03:02:19  8226 9612034  PERF         benchmarkVss: 150 | deal: 872.00 mus per lap, -/+ 43.3121 mus stddev, 815.00 mus min, 1.07 ms max (100 laps)
2020-03-20 03:02:19  8226 9612034  PERF         benchmarkVss: 151 | verify: did not run any laps yet.
2020-03-20 03:02:19  8226 9612034  PERF         benchmarkVss: 152 | Reconstr. best-case: did not run any laps yet.
2020-03-20 03:02:19  8226 9612034  PERF         benchmarkVss: 153 | Reconstr. worst-case: did not run any laps yet.
2020-03-20 03:02:19  8226 9612034  INFO        printMemUsage:  37 | VMS: 4.13 GiB
2020-03-20 03:02:19  8226 9612034  INFO        printMemUsage:  38 | RSS: 2.02 MiB
2020-03-20 03:02:19  8226 9612034  INFO         benchmarkVss: 194 | 
2020-03-20 03:02:19  8226 9612034  INFO         benchmarkVss:  48 | Benchmarking 4 out of 7 'fk' VSS ...
2020-03-20 03:02:19  8226 9612034  INFO         benchmarkVss:  55 |  * Creating 7 players...
2020-03-20 03:02:19  8226 9612034  INFO         benchmarkVss:  63 |  * Dealing 100 time(s): 1, 2, 3, 4, 5, 6, 7, 8, 9, 10, 11, 12, 13, 14, 15, 16, 17, 18, 19, 20, 21, 22, 23, 24, 25, 26, 27, 28, 29, 30, 31, 32, 33, 34, 35, 36, 37, 38, 39, 40, 41, 42, 43, 44, 45, 46, 47, 48, 49, 50, 51, 52, 53, 54, 55, 56, 57, 58, 59, 60, 61, 62, 63, 64, 65, 66, 67, 68, 69, 70, 71, 72, 73, 74, 75, 76, 77, 78, 79, 80, 81, 82, 83, 84, 85, 86, 87, 88, 89, 90, 91, 92, 93, 94, 95, 96, 97, 98, 99, 100, done!
2020-03-20 03:02:20  8226 9612034  INFO         benchmarkVss:  76 |  * Verifying dealer(s) (0 times): 
2020-03-20 03:02:20  8226 9612034  INFO         benchmarkVss: 104 |  * Reconstructing (0 times): 
2020-03-20 03:02:20  8226 9612034  PERF         benchmarkVss: 148 | 
2020-03-20 03:02:20  8226 9612034  PERF         benchmarkVss: 150 | deal: 5.04 ms per lap, -/+ 169.729 mus stddev, 4.66 ms min, 5.58 ms max (100 laps)
2020-03-20 03:02:20  8226 9612034  PERF         benchmarkVss: 151 | verify: did not run any laps yet.
2020-03-20 03:02:20  8226 9612034  PERF         benchmarkVss: 152 | Reconstr. best-case: did not run any laps yet.
2020-03-20 03:02:20  8226 9612034  PERF         benchmarkVss: 153 | Reconstr. worst-case: did not run any laps yet.
2020-03-20 03:02:20  8226 9612034  INFO        printMemUsage:  37 | VMS: 4.13 GiB
2020-03-20 03:02:20  8226 9612034  INFO        printMemUsage:  38 | RSS: 2.07 MiB
2020-03-20 03:02:20  8226 9612034  INFO         benchmarkVss: 194 | 
2020-03-20 03:02:20  8226 9612034  INFO         benchmarkVss:  48 | Benchmarking 8 out of 15 'fk' VSS ...
2020-03-20 03:02:20  8226 9612034  INFO         benchmarkVss:  55 |  * Creating 15 players...
2020-03-20 03:02:20  8226 9612034  INFO         benchmarkVss:  63 |  * Dealing 100 time(s): 1, 2, 3, 4, 5, 6, 7, 8, 9, 10, 11, 12, 13, 14, 15, 16, 17, 18, 19, 20, 21, 22, 23, 24, 25, 26, 27, 28, 29, 30, 31, 32, 33, 34, 35, 36, 37, 38, 39, 40, 41, 42, 43, 44, 45, 46, 47, 48, 49, 50, 51, 52, 53, 54, 55, 56, 57, 58, 59, 60, 61, 62, 63, 64, 65, 66, 67, 68, 69, 70, 71, 72, 73, 74, 75, 76, 77, 78, 79, 80, 81, 82, 83, 84, 85, 86, 87, 88, 89, 90, 91, 92, 93, 94, 95, 96, 97, 98, 99, 100, done!
2020-03-20 03:02:21  8226 9612034  INFO         benchmarkVss:  76 |  * Verifying dealer(s) (0 times): 
2020-03-20 03:02:21  8226 9612034  INFO         benchmarkVss: 104 |  * Reconstructing (0 times): 
2020-03-20 03:02:21  8226 9612034  PERF         benchmarkVss: 148 | 
2020-03-20 03:02:21  8226 9612034  PERF         benchmarkVss: 150 | deal: 12.76 ms per lap, -/+ 364.661 mus stddev, 11.57 ms min, 14.11 ms max (100 laps)
2020-03-20 03:02:21  8226 9612034  PERF         benchmarkVss: 151 | verify: did not run any laps yet.
2020-03-20 03:02:21  8226 9612034  PERF         benchmarkVss: 152 | Reconstr. best-case: did not run any laps yet.
2020-03-20 03:02:21  8226 9612034  PERF         benchmarkVss: 153 | Reconstr. worst-case: did not run any laps yet.
2020-03-20 03:02:21  8226 9612034  INFO        printMemUsage:  37 | VMS: 4.13 GiB
2020-03-20 03:02:21  8226 9612034  INFO        printMemUsage:  38 | RSS: 2.12 MiB
2020-03-20 03:02:21  8226 9612034  INFO         benchmarkVss: 194 | 
2020-03-20 03:02:21  8226 9612034  INFO         benchmarkVss:  48 | Benchmarking 16 out of 31 'fk' VSS ...
2020-03-20 03:02:21  8226 9612034  INFO         benchmarkVss:  55 |  * Creating 31 players...
2020-03-20 03:02:21  8226 9612034  INFO         benchmarkVss:  63 |  * Dealing 100 time(s): 1, 2, 3, 4, 5, 6, 7, 8, 9, 10, 11, 12, 13, 14, 15, 16, 17, 18, 19, 20, 21, 22, 23, 24, 25, 26, 27, 28, 29, 30, 31, 32, 33, 34, 35, 36, 37, 38, 39, 40, 41, 42, 43, 44, 45, 46, 47, 48, 49, 50, 51, 52, 53, 54, 55, 56, 57, 58, 59, 60, 61, 62, 63, 64, 65, 66, 67, 68, 69, 70, 71, 72, 73, 74, 75, 76, 77, 78, 79, 80, 81, 82, 83, 84, 85, 86, 87, 88, 89, 90, 91, 92, 93, 94, 95, 96, 97, 98, 99, 100, done!
2020-03-20 03:02:24  8226 9612034  INFO         benchmarkVss:  76 |  * Verifying dealer(s) (0 times): 
2020-03-20 03:02:24  8226 9612034  INFO         benchmarkVss: 104 |  * Reconstructing (0 times): 
2020-03-20 03:02:24  8226 9612034  PERF         benchmarkVss: 148 | 
2020-03-20 03:02:24  8226 9612034  PERF         benchmarkVss: 150 | deal: 31.05 ms per lap, -/+ 616.662 mus stddev, 29.78 ms min, 33.28 ms max (100 laps)
2020-03-20 03:02:24  8226 9612034  PERF         benchmarkVss: 151 | verify: did not run any laps yet.
2020-03-20 03:02:24  8226 9612034  PERF         benchmarkVss: 152 | Reconstr. best-case: did not run any laps yet.
2020-03-20 03:02:24  8226 9612034  PERF         benchmarkVss: 153 | Reconstr. worst-case: did not run any laps yet.
2020-03-20 03:02:24  8226 9612034  INFO        printMemUsage:  37 | VMS: 4.13 GiB
2020-03-20 03:02:24  8226 9612034  INFO        printMemUsage:  38 | RSS: 2.32 MiB
2020-03-20 03:02:24  8226 9612034  INFO         benchmarkVss: 194 | 
2020-03-20 03:02:24  8226 9612034  INFO         benchmarkVss:  48 | Benchmarking 32 out of 63 'fk' VSS ...
2020-03-20 03:02:24  8226 9612034  INFO         benchmarkVss:  55 |  * Creating 63 players...
2020-03-20 03:02:24  8226 9612034  INFO         benchmarkVss:  63 |  * Dealing 100 time(s): 1, 2, 3, 4, 5, 6, 7, 8, 9, 10, 11, 12, 13, 14, 15, 16, 17, 18, 19, 20, 21, 22, 23, 24, 25, 26, 27, 28, 29, 30, 31, 32, 33, 34, 35, 36, 37, 38, 39, 40, 41, 42, 43, 44, 45, 46, 47, 48, 49, 50, 51, 52, 53, 54, 55, 56, 57, 58, 59, 60, 61, 62, 63, 64, 65, 66, 67, 68, 69, 70, 71, 72, 73, 74, 75, 76, 77, 78, 79, 80, 81, 82, 83, 84, 85, 86, 87, 88, 89, 90, 91, 92, 93, 94, 95, 96, 97, 98, 99, 100, done!
2020-03-20 03:02:32  8226 9612034  INFO         benchmarkVss:  76 |  * Verifying dealer(s) (0 times): 
2020-03-20 03:02:32  8226 9612034  INFO         benchmarkVss: 104 |  * Reconstructing (0 times): 
2020-03-20 03:02:32  8226 9612034  PERF         benchmarkVss: 148 | 
2020-03-20 03:02:32  8226 9612034  PERF         benchmarkVss: 150 | deal: 72.82 ms per lap, -/+ 1165.75 mus stddev, 71.30 ms min, 76.87 ms max (100 laps)
2020-03-20 03:02:32  8226 9612034  PERF         benchmarkVss: 151 | verify: did not run any laps yet.
2020-03-20 03:02:32  8226 9612034  PERF         benchmarkVss: 152 | Reconstr. best-case: did not run any laps yet.
2020-03-20 03:02:32  8226 9612034  PERF         benchmarkVss: 153 | Reconstr. worst-case: did not run any laps yet.
2020-03-20 03:02:32  8226 9612034  INFO        printMemUsage:  37 | VMS: 4.13 GiB
2020-03-20 03:02:32  8226 9612034  INFO        printMemUsage:  38 | RSS: 3.04 MiB
2020-03-20 03:02:32  8226 9612034  INFO         benchmarkVss: 194 | 
2020-03-20 03:02:32  8226 9612034  INFO                 main: 326 | Benchmark ended successfully!
2020-03-20 03:02:32  8248 9612165  INFO                 main: 241 | 
2020-03-20 03:02:32  8248 9612165  INFO                 main: 242 | Benchmarking VSSs:
2020-03-20 03:02:32  8248 9612165  INFO                 main: 244 |  * fk
2020-03-20 03:02:32  8248 9612165  INFO                 main: 247 | 
2020-03-20 03:02:32  8248 9612165  INFO                 main: 250 | Benchmarking thresholds: 
2020-03-20 03:02:32  8248 9612165  INFO                 main: 256 |  * 64 out of 127 VSSs
2020-03-20 03:02:32  8248 9612165  INFO                 main: 260 | 
2020-03-20 03:02:32  8248 9612165  INFO KatePublicParameters:  22 | Reading back q-PKE parameters... (verify = 0)
2020-03-20 03:02:32  8248 9612165  INFO KatePublicParameters:  28 | available q = 1048576, s = 10732145532678709363797014778137366245520050579514058540036152191332821422830
2020-03-20 03:02:32  8248 9612165  INFO KatePublicParameters:  43 | wanted q = 63
2020-03-20 03:02:32  8248 9612165  INFO KatePublicParameters:  57 | 63 params left to read, looking at /Users/alinush/repos/libpolycrypto/experiments/vss/../../public-params/1048576/1048576-0 ...
2020-03-20 03:02:32  8248 9612165  INFO                 main: 277 | Computing accumulators...
2020-03-20 03:02:32  8248 9612165  INFO                 main: 279 | Authenticating accumulators...
2020-03-20 03:02:32  8248 9612165  PERF                 main: 285 | VMS: 4.09 GiB
2020-03-20 03:02:32  8248 9612165  PERF                 main: 286 | RSS: 1.86 MiB
2020-03-20 03:02:32  8248 9612165  PERF                 main: 317 | Multithreading disabled...

2020-03-20 03:02:32  8248 9612165  INFO         benchmarkVss:  48 | Benchmarking 64 out of 127 'fk' VSS ...
2020-03-20 03:02:32  8248 9612165  INFO         benchmarkVss:  55 |  * Creating 100 players...
2020-03-20 03:02:32  8248 9612165  INFO         benchmarkVss:  63 |  * Dealing 100 time(s): 1, 2, 3, 4, 5, 6, 7, 8, 9, 10, 11, 12, 13, 14, 15, 16, 17, 18, 19, 20, 21, 22, 23, 24, 25, 26, 27, 28, 29, 30, 31, 32, 33, 34, 35, 36, 37, 38, 39, 40, 41, 42, 43, 44, 45, 46, 47, 48, 49, 50, 51, 52, 53, 54, 55, 56, 57, 58, 59, 60, 61, 62, 63, 64, 65, 66, 67, 68, 69, 70, 71, 72, 73, 74, 75, 76, 77, 78, 79, 80, 81, 82, 83, 84, 85, 86, 87, 88, 89, 90, 91, 92, 93, 94, 95, 96, 97, 98, 99, 100, done!
2020-03-20 03:02:49  8248 9612165  INFO         benchmarkVss:  76 |  * Verifying dealer(s) (0 times): 
2020-03-20 03:02:49  8248 9612165  INFO         benchmarkVss: 104 |  * Reconstructing (0 times): 
2020-03-20 03:02:49  8248 9612165  PERF         benchmarkVss: 148 | 
2020-03-20 03:02:49  8248 9612165  PERF         benchmarkVss: 150 | deal: 168.22 ms per lap, -/+ 2332.67 mus stddev, 164.53 ms min, 179.71 ms max (100 laps)
2020-03-20 03:02:49  8248 9612165  PERF         benchmarkVss: 151 | verify: did not run any laps yet.
2020-03-20 03:02:49  8248 9612165  PERF         benchmarkVss: 152 | Reconstr. best-case: did not run any laps yet.
2020-03-20 03:02:49  8248 9612165  PERF         benchmarkVss: 153 | Reconstr. worst-case: did not run any laps yet.
2020-03-20 03:02:49  8248 9612165  INFO        printMemUsage:  37 | VMS: 4.13 GiB
2020-03-20 03:02:49  8248 9612165  INFO        printMemUsage:  38 | RSS: 4.60 MiB
2020-03-20 03:02:49  8248 9612165  INFO         benchmarkVss: 194 | 
2020-03-20 03:02:49  8248 9612165  INFO                 main: 326 | Benchmark ended successfully!
2020-03-20 03:02:49  8305 9612370  INFO                 main: 241 | 
2020-03-20 03:02:49  8305 9612370  INFO                 main: 242 | Benchmarking VSSs:
2020-03-20 03:02:49  8305 9612370  INFO                 main: 244 |  * fk
2020-03-20 03:02:49  8305 9612370  INFO                 main: 247 | 
2020-03-20 03:02:49  8305 9612370  INFO                 main: 250 | Benchmarking thresholds: 
2020-03-20 03:02:49  8305 9612370  INFO                 main: 256 |  * 128 out of 255 VSSs
2020-03-20 03:02:49  8305 9612370  INFO                 main: 260 | 
2020-03-20 03:02:49  8305 9612370  INFO KatePublicParameters:  22 | Reading back q-PKE parameters... (verify = 0)
2020-03-20 03:02:49  8305 9612370  INFO KatePublicParameters:  28 | available q = 1048576, s = 10732145532678709363797014778137366245520050579514058540036152191332821422830
2020-03-20 03:02:49  8305 9612370  INFO KatePublicParameters:  43 | wanted q = 127
2020-03-20 03:02:49  8305 9612370  INFO KatePublicParameters:  57 | 127 params left to read, looking at /Users/alinush/repos/libpolycrypto/experiments/vss/../../public-params/1048576/1048576-0 ...
2020-03-20 03:02:49  8305 9612370  INFO                 main: 277 | Computing accumulators...
2020-03-20 03:02:49  8305 9612370  INFO                 main: 279 | Authenticating accumulators...
2020-03-20 03:02:49  8305 9612370  PERF                 main: 285 | VMS: 4.08 GiB
2020-03-20 03:02:49  8305 9612370  PERF                 main: 286 | RSS: 1.93 MiB
2020-03-20 03:02:49  8305 9612370  PERF                 main: 317 | Multithreading disabled...

2020-03-20 03:02:49  8305 9612370  INFO         benchmarkVss:  48 | Benchmarking 128 out of 255 'fk' VSS ...
2020-03-20 03:02:49  8305 9612370  INFO         benchmarkVss:  55 |  * Creating 100 players...
2020-03-20 03:02:49  8305 9612370  INFO         benchmarkVss:  63 |  * Dealing 100 time(s): 1, 2, 3, 4, 5, 6, 7, 8, 9, 10, 11, 12, 13, 14, 15, 16, 17, 18, 19, 20, 21, 22, 23, 24, 25, 26, 27, 28, 29, 30, 31, 32, 33, 34, 35, 36, 37, 38, 39, 40, 41, 42, 43, 44, 45, 46, 47, 48, 49, 50, 51, 52, 53, 54, 55, 56, 57, 58, 59, 60, 61, 62, 63, 64, 65, 66, 67, 68, 69, 70, 71, 72, 73, 74, 75, 76, 77, 78, 79, 80, 81, 82, 83, 84, 85, 86, 87, 88, 89, 90, 91, 92, 93, 94, 95, 96, 97, 98, 99, 100, done!
2020-03-20 03:03:27  8305 9612370  INFO         benchmarkVss:  76 |  * Verifying dealer(s) (0 times): 
2020-03-20 03:03:27  8305 9612370  INFO         benchmarkVss: 104 |  * Reconstructing (0 times): 
2020-03-20 03:03:27  8305 9612370  PERF         benchmarkVss: 148 | 
2020-03-20 03:03:27  8305 9612370  PERF         benchmarkVss: 150 | deal: 386.72 ms per lap, -/+ 6980.59 mus stddev, 378.84 ms min, 408.53 ms max (100 laps)
2020-03-20 03:03:27  8305 9612370  PERF         benchmarkVss: 151 | verify: did not run any laps yet.
2020-03-20 03:03:27  8305 9612370  PERF         benchmarkVss: 152 | Reconstr. best-case: did not run any laps yet.
2020-03-20 03:03:27  8305 9612370  PERF         benchmarkVss: 153 | Reconstr. worst-case: did not run any laps yet.
2020-03-20 03:03:27  8305 9612370  INFO        printMemUsage:  37 | VMS: 4.12 GiB
2020-03-20 03:03:27  8305 9612370  INFO        printMemUsage:  38 | RSS: 7.18 MiB
2020-03-20 03:03:27  8305 9612370  INFO         benchmarkVss: 194 | 
2020-03-20 03:03:27  8305 9612370  INFO                 main: 326 | Benchmark ended successfully!
2020-03-20 03:03:27  8551 9613081  INFO                 main: 241 | 
2020-03-20 03:03:27  8551 9613081  INFO                 main: 242 | Benchmarking VSSs:
2020-03-20 03:03:27  8551 9613081  INFO                 main: 244 |  * fk
2020-03-20 03:03:27  8551 9613081  INFO                 main: 247 | 
2020-03-20 03:03:27  8551 9613081  INFO                 main: 250 | Benchmarking thresholds: 
2020-03-20 03:03:27  8551 9613081  INFO                 main: 256 |  * 256 out of 511 VSSs
2020-03-20 03:03:27  8551 9613081  INFO                 main: 260 | 
2020-03-20 03:03:27  8551 9613081  INFO KatePublicParameters:  22 | Reading back q-PKE parameters... (verify = 0)
2020-03-20 03:03:27  8551 9613081  INFO KatePublicParameters:  28 | available q = 1048576, s = 10732145532678709363797014778137366245520050579514058540036152191332821422830
2020-03-20 03:03:27  8551 9613081  INFO KatePublicParameters:  43 | wanted q = 255
2020-03-20 03:03:27  8551 9613081  INFO KatePublicParameters:  57 | 255 params left to read, looking at /Users/alinush/repos/libpolycrypto/experiments/vss/../../public-params/1048576/1048576-0 ...
2020-03-20 03:03:27  8551 9613081  INFO                 main: 277 | Computing accumulators...
2020-03-20 03:03:27  8551 9613081  INFO                 main: 279 | Authenticating accumulators...
2020-03-20 03:03:28  8551 9613081  PERF                 main: 285 | VMS: 4.09 GiB
2020-03-20 03:03:28  8551 9613081  PERF                 main: 286 | RSS: 2.17 MiB
2020-03-20 03:03:28  8551 9613081  PERF                 main: 317 | Multithreading disabled...

2020-03-20 03:03:28  8551 9613081  INFO         benchmarkVss:  48 | Benchmarking 256 out of 511 'fk' VSS ...
2020-03-20 03:03:28  8551 9613081  INFO         benchmarkVss:  55 |  * Creating 50 players...
2020-03-20 03:03:28  8551 9613081  INFO         benchmarkVss:  63 |  * Dealing 50 time(s): 1, 2, 3, 4, 5, 6, 7, 8, 9, 10, 11, 12, 13, 14, 15, 16, 17, 18, 19, 20, 21, 22, 23, 24, 25, 26, 27, 28, 29, 30, 31, 32, 33, 34, 35, 36, 37, 38, 39, 40, 41, 42, 43, 44, 45, 46, 47, 48, 49, 50, done!
2020-03-20 03:04:12  8551 9613081  INFO         benchmarkVss:  76 |  * Verifying dealer(s) (0 times): 
2020-03-20 03:04:12  8551 9613081  INFO         benchmarkVss: 104 |  * Reconstructing (0 times): 
2020-03-20 03:04:12  8551 9613081  PERF         benchmarkVss: 148 | 
2020-03-20 03:04:12  8551 9613081  PERF         benchmarkVss: 150 | deal: 882.49 ms per lap, -/+ 49909.4 mus stddev, 860.96 ms min, 1.13 secs max (50 laps)
2020-03-20 03:04:12  8551 9613081  PERF         benchmarkVss: 151 | verify: did not run any laps yet.
2020-03-20 03:04:12  8551 9613081  PERF         benchmarkVss: 152 | Reconstr. best-case: did not run any laps yet.
2020-03-20 03:04:12  8551 9613081  PERF         benchmarkVss: 153 | Reconstr. worst-case: did not run any laps yet.
2020-03-20 03:04:12  8551 9613081  INFO        printMemUsage:  37 | VMS: 4.13 GiB
2020-03-20 03:04:12  8551 9613081  INFO        printMemUsage:  38 | RSS: 7.55 MiB
2020-03-20 03:04:12  8551 9613081  INFO         benchmarkVss: 194 | 
2020-03-20 03:04:12  8551 9613081  INFO                 main: 326 | Benchmark ended successfully!
2020-03-20 03:04:12  9032 9614093  INFO                 main: 241 | 
2020-03-20 03:04:12  9032 9614093  INFO                 main: 242 | Benchmarking VSSs:
2020-03-20 03:04:12  9032 9614093  INFO                 main: 244 |  * fk
2020-03-20 03:04:12  9032 9614093  INFO                 main: 247 | 
2020-03-20 03:04:12  9032 9614093  INFO                 main: 250 | Benchmarking thresholds: 
2020-03-20 03:04:12  9032 9614093  INFO                 main: 256 |  * 512 out of 1023 VSSs
2020-03-20 03:04:12  9032 9614093  INFO                 main: 260 | 
2020-03-20 03:04:12  9032 9614093  INFO KatePublicParameters:  22 | Reading back q-PKE parameters... (verify = 0)
2020-03-20 03:04:12  9032 9614093  INFO KatePublicParameters:  28 | available q = 1048576, s = 10732145532678709363797014778137366245520050579514058540036152191332821422830
2020-03-20 03:04:12  9032 9614093  INFO KatePublicParameters:  43 | wanted q = 511
2020-03-20 03:04:12  9032 9614093  INFO KatePublicParameters:  57 | 511 params left to read, looking at /Users/alinush/repos/libpolycrypto/experiments/vss/../../public-params/1048576/1048576-0 ...
2020-03-20 03:04:12  9032 9614093  INFO                 main: 277 | Computing accumulators...
2020-03-20 03:04:12  9032 9614093  INFO                 main: 279 | Authenticating accumulators...
2020-03-20 03:04:12  9032 9614093  PERF                 main: 285 | VMS: 4.10 GiB
2020-03-20 03:04:12  9032 9614093  PERF                 main: 286 | RSS: 2.60 MiB
2020-03-20 03:04:12  9032 9614093  PERF                 main: 317 | Multithreading disabled...

2020-03-20 03:04:12  9032 9614093  INFO         benchmarkVss:  48 | Benchmarking 512 out of 1023 'fk' VSS ...
2020-03-20 03:04:12  9032 9614093  INFO         benchmarkVss:  55 |  * Creating 30 players...
2020-03-20 03:04:12  9032 9614093  INFO         benchmarkVss:  63 |  * Dealing 30 time(s): 1, 2, 3, 4, 5, 6, 7, 8, 9, 10, 11, 12, 13, 14, 15, 16, 17, 18, 19, 20, 21, 22, 23, 24, 25, 26, 27, 28, 29, 30, done!
2020-03-20 03:05:10  9032 9614093  INFO         benchmarkVss:  76 |  * Verifying dealer(s) (0 times): 
2020-03-20 03:05:10  9032 9614093  INFO         benchmarkVss: 104 |  * Reconstructing (0 times): 
2020-03-20 03:05:10  9032 9614093  PERF         benchmarkVss: 148 | 
2020-03-20 03:05:10  9032 9614093  PERF         benchmarkVss: 150 | deal: 1.94 secs per lap, -/+ 17093.6 mus stddev, 1.92 secs min, 2.00 secs max (30 laps)
2020-03-20 03:05:10  9032 9614093  PERF         benchmarkVss: 151 | verify: did not run any laps yet.
2020-03-20 03:05:10  9032 9614093  PERF         benchmarkVss: 152 | Reconstr. best-case: did not run any laps yet.
2020-03-20 03:05:10  9032 9614093  PERF         benchmarkVss: 153 | Reconstr. worst-case: did not run any laps yet.
2020-03-20 03:05:10  9032 9614093  INFO        printMemUsage:  37 | VMS: 4.12 GiB
2020-03-20 03:05:10  9032 9614093  INFO        printMemUsage:  38 | RSS: 9.47 MiB
2020-03-20 03:05:10  9032 9614093  INFO         benchmarkVss: 194 | 
2020-03-20 03:05:10  9032 9614093  INFO                 main: 326 | Benchmark ended successfully!
2020-03-20 03:05:10  9092 9614614  INFO                 main: 241 | 
2020-03-20 03:05:10  9092 9614614  INFO                 main: 242 | Benchmarking VSSs:
2020-03-20 03:05:10  9092 9614614  INFO                 main: 244 |  * fk
2020-03-20 03:05:10  9092 9614614  INFO                 main: 247 | 
2020-03-20 03:05:10  9092 9614614  INFO                 main: 250 | Benchmarking thresholds: 
2020-03-20 03:05:10  9092 9614614  INFO                 main: 256 |  * 1024 out of 2047 VSSs
2020-03-20 03:05:10  9092 9614614  INFO                 main: 260 | 
2020-03-20 03:05:10  9092 9614614  INFO KatePublicParameters:  22 | Reading back q-PKE parameters... (verify = 0)
2020-03-20 03:05:10  9092 9614614  INFO KatePublicParameters:  28 | available q = 1048576, s = 10732145532678709363797014778137366245520050579514058540036152191332821422830
2020-03-20 03:05:10  9092 9614614  INFO KatePublicParameters:  43 | wanted q = 1023
2020-03-20 03:05:10  9092 9614614  INFO KatePublicParameters:  57 | 1023 params left to read, looking at /Users/alinush/repos/libpolycrypto/experiments/vss/../../public-params/1048576/1048576-0 ...
2020-03-20 03:05:10  9092 9614614  INFO                 main: 277 | Computing accumulators...
2020-03-20 03:05:10  9092 9614614  INFO                 main: 279 | Authenticating accumulators...
2020-03-20 03:05:11  9092 9614614  PERF                 main: 285 | VMS: 4.09 GiB
2020-03-20 03:05:11  9092 9614614  PERF                 main: 286 | RSS: 3.38 MiB
2020-03-20 03:05:11  9092 9614614  PERF                 main: 317 | Multithreading disabled...

2020-03-20 03:05:11  9092 9614614  INFO         benchmarkVss:  48 | Benchmarking 1024 out of 2047 'fk' VSS ...
2020-03-20 03:05:11  9092 9614614  INFO         benchmarkVss:  55 |  * Creating 15 players...
2020-03-20 03:05:11  9092 9614614  INFO         benchmarkVss:  63 |  * Dealing 15 time(s): 1, 2, 3, 4, 5, 6, 7, 8, 9, 10, 11, 12, 13, 14, 15, done!
2020-03-20 03:06:17  9092 9614614  INFO         benchmarkVss:  76 |  * Verifying dealer(s) (0 times): 
2020-03-20 03:06:17  9092 9614614  INFO         benchmarkVss: 104 |  * Reconstructing (0 times): 
2020-03-20 03:06:17  9092 9614614  PERF         benchmarkVss: 148 | 
2020-03-20 03:06:17  9092 9614614  PERF         benchmarkVss: 150 | deal: 4.40 secs per lap, -/+ 156133 mus stddev, 4.27 secs min, 4.75 secs max (15 laps)
2020-03-20 03:06:17  9092 9614614  PERF         benchmarkVss: 151 | verify: did not run any laps yet.
2020-03-20 03:06:17  9092 9614614  PERF         benchmarkVss: 152 | Reconstr. best-case: did not run any laps yet.
2020-03-20 03:06:17  9092 9614614  PERF         benchmarkVss: 153 | Reconstr. worst-case: did not run any laps yet.
2020-03-20 03:06:17  9092 9614614  INFO        printMemUsage:  37 | VMS: 4.11 GiB
2020-03-20 03:06:17  9092 9614614  INFO        printMemUsage:  38 | RSS: 9.27 MiB
2020-03-20 03:06:17  9092 9614614  INFO         benchmarkVss: 194 | 
2020-03-20 03:06:17  9092 9614614  INFO                 main: 326 | Benchmark ended successfully!
2020-03-20 03:06:17  9175 9615627  INFO                 main: 241 | 
2020-03-20 03:06:17  9175 9615627  INFO                 main: 242 | Benchmarking VSSs:
2020-03-20 03:06:17  9175 9615627  INFO                 main: 244 |  * fk
2020-03-20 03:06:17  9175 9615627  INFO                 main: 247 | 
2020-03-20 03:06:17  9175 9615627  INFO                 main: 250 | Benchmarking thresholds: 
2020-03-20 03:06:17  9175 9615627  INFO                 main: 256 |  * 2048 out of 4095 VSSs
2020-03-20 03:06:17  9175 9615627  INFO                 main: 260 | 
2020-03-20 03:06:17  9175 9615627  INFO KatePublicParameters:  22 | Reading back q-PKE parameters... (verify = 0)
2020-03-20 03:06:17  9175 9615627  INFO KatePublicParameters:  28 | available q = 1048576, s = 10732145532678709363797014778137366245520050579514058540036152191332821422830
2020-03-20 03:06:17  9175 9615627  INFO KatePublicParameters:  43 | wanted q = 2047
2020-03-20 03:06:17  9175 9615627  INFO KatePublicParameters:  57 | 2047 params left to read, looking at /Users/alinush/repos/libpolycrypto/experiments/vss/../../public-params/1048576/1048576-0 ...
2020-03-20 03:06:17  9175 9615627  INFO                 main: 277 | Computing accumulators...
2020-03-20 03:06:17  9175 9615627  INFO                 main: 279 | Authenticating accumulators...
2020-03-20 03:06:18  9175 9615627  PERF                 main: 285 | VMS: 4.11 GiB
2020-03-20 03:06:18  9175 9615627  PERF                 main: 286 | RSS: 5.06 MiB
2020-03-20 03:06:18  9175 9615627  PERF                 main: 317 | Multithreading disabled...

2020-03-20 03:06:18  9175 9615627  INFO         benchmarkVss:  48 | Benchmarking 2048 out of 4095 'fk' VSS ...
2020-03-20 03:06:18  9175 9615627  INFO         benchmarkVss:  55 |  * Creating 10 players...
2020-03-20 03:06:18  9175 9615627  INFO         benchmarkVss:  63 |  * Dealing 10 time(s): 1, 2, 3, 4, 5, 6, 7, 8, 9, 10, done!
2020-03-20 03:07:55  9175 9615627  INFO         benchmarkVss:  76 |  * Verifying dealer(s) (0 times): 
2020-03-20 03:07:55  9175 9615627  INFO         benchmarkVss: 104 |  * Reconstructing (0 times): 
2020-03-20 03:07:55  9175 9615627  PERF         benchmarkVss: 148 | 
2020-03-20 03:07:55  9175 9615627  PERF         benchmarkVss: 150 | deal: 9.70 secs per lap, -/+ 225430 mus stddev, 9.34 secs min, 10.22 secs max (10 laps)
2020-03-20 03:07:55  9175 9615627  PERF         benchmarkVss: 151 | verify: did not run any laps yet.
2020-03-20 03:07:55  9175 9615627  PERF         benchmarkVss: 152 | Reconstr. best-case: did not run any laps yet.
2020-03-20 03:07:55  9175 9615627  PERF         benchmarkVss: 153 | Reconstr. worst-case: did not run any laps yet.
2020-03-20 03:07:55  9175 9615627  INFO        printMemUsage:  37 | VMS: 4.13 GiB
2020-03-20 03:07:55  9175 9615627  INFO        printMemUsage:  38 | RSS: 13.23 MiB
2020-03-20 03:07:55  9175 9615627  INFO         benchmarkVss: 194 | 
2020-03-20 03:07:55  9175 9615627  INFO                 main: 326 | Benchmark ended successfully!
2020-03-20 03:07:55  9211 9616571  INFO                 main: 241 | 
2020-03-20 03:07:55  9211 9616571  INFO                 main: 242 | Benchmarking VSSs:
2020-03-20 03:07:55  9211 9616571  INFO                 main: 244 |  * fk
2020-03-20 03:07:55  9211 9616571  INFO                 main: 247 | 
2020-03-20 03:07:55  9211 9616571  INFO                 main: 250 | Benchmarking thresholds: 
2020-03-20 03:07:55  9211 9616571  INFO                 main: 256 |  * 4096 out of 8191 VSSs
2020-03-20 03:07:55  9211 9616571  INFO                 main: 260 | 
2020-03-20 03:07:55  9211 9616571  INFO KatePublicParameters:  22 | Reading back q-PKE parameters... (verify = 0)
2020-03-20 03:07:55  9211 9616571  INFO KatePublicParameters:  28 | available q = 1048576, s = 10732145532678709363797014778137366245520050579514058540036152191332821422830
2020-03-20 03:07:55  9211 9616571  INFO KatePublicParameters:  43 | wanted q = 4095
2020-03-20 03:07:55  9211 9616571  INFO KatePublicParameters:  57 | 4095 params left to read, looking at /Users/alinush/repos/libpolycrypto/experiments/vss/../../public-params/1048576/1048576-0 ...
2020-03-20 03:07:55  9211 9616571  INFO                 main: 277 | Computing accumulators...
2020-03-20 03:07:55  9211 9616571  INFO                 main: 279 | Authenticating accumulators...
2020-03-20 03:07:57  9211 9616571  PERF                 main: 285 | VMS: 4.10 GiB
2020-03-20 03:07:57  9211 9616571  PERF                 main: 286 | RSS: 8.30 MiB
2020-03-20 03:07:57  9211 9616571  PERF                 main: 317 | Multithreading disabled...

2020-03-20 03:07:57  9211 9616571  INFO         benchmarkVss:  48 | Benchmarking 4096 out of 8191 'fk' VSS ...
2020-03-20 03:07:57  9211 9616571  INFO         benchmarkVss:  55 |  * Creating 5 players...
2020-03-20 03:07:57  9211 9616571  INFO         benchmarkVss:  63 |  * Dealing 5 time(s): 1, 2, 3, 4, 5, done!
2020-03-20 03:09:44  9211 9616571  INFO         benchmarkVss:  76 |  * Verifying dealer(s) (0 times): 
2020-03-20 03:09:44  9211 9616571  INFO         benchmarkVss: 104 |  * Reconstructing (0 times): 
2020-03-20 03:09:44  9211 9616571  PERF         benchmarkVss: 148 | 
2020-03-20 03:09:44  9211 9616571  PERF         benchmarkVss: 150 | deal: 21.43 secs per lap, -/+ 425011 mus stddev, 20.62 secs min, 21.78 secs max (5 laps)
2020-03-20 03:09:44  9211 9616571  PERF         benchmarkVss: 151 | verify: did not run any laps yet.
2020-03-20 03:09:44  9211 9616571  PERF         benchmarkVss: 152 | Reconstr. best-case: did not run any laps yet.
2020-03-20 03:09:44  9211 9616571  PERF         benchmarkVss: 153 | Reconstr. worst-case: did not run any laps yet.
2020-03-20 03:09:44  9211 9616571  INFO        printMemUsage:  37 | VMS: 4.13 GiB
2020-03-20 03:09:44  9211 9616571  INFO        printMemUsage:  38 | RSS: 16.89 MiB
2020-03-20 03:09:44  9211 9616571  INFO         benchmarkVss: 194 | 
2020-03-20 03:09:44  9211 9616571  INFO                 main: 326 | Benchmark ended successfully!
2020-03-20 03:09:44  9282 9617973  INFO                 main: 241 | 
2020-03-20 03:09:44  9282 9617973  INFO                 main: 242 | Benchmarking VSSs:
2020-03-20 03:09:44  9282 9617973  INFO                 main: 244 |  * fk
2020-03-20 03:09:44  9282 9617973  INFO                 main: 247 | 
2020-03-20 03:09:44  9282 9617973  INFO                 main: 250 | Benchmarking thresholds: 
2020-03-20 03:09:44  9282 9617973  INFO                 main: 256 |  * 8192 out of 16383 VSSs
2020-03-20 03:09:44  9282 9617973  INFO                 main: 260 | 
2020-03-20 03:09:44  9282 9617973  INFO KatePublicParameters:  22 | Reading back q-PKE parameters... (verify = 0)
2020-03-20 03:09:44  9282 9617973  INFO KatePublicParameters:  28 | available q = 1048576, s = 10732145532678709363797014778137366245520050579514058540036152191332821422830
2020-03-20 03:09:44  9282 9617973  INFO KatePublicParameters:  43 | wanted q = 8191
2020-03-20 03:09:44  9282 9617973  INFO KatePublicParameters:  57 | 8191 params left to read, looking at /Users/alinush/repos/libpolycrypto/experiments/vss/../../public-params/1048576/1048576-0 ...
2020-03-20 03:09:45  9282 9617973  INFO                 main: 277 | Computing accumulators...
2020-03-20 03:09:45  9282 9617973  INFO                 main: 279 | Authenticating accumulators...
2020-03-20 03:09:48  9282 9617973  PERF                 main: 285 | VMS: 4.11 GiB
2020-03-20 03:09:48  9282 9617973  PERF                 main: 286 | RSS: 14.79 MiB
2020-03-20 03:09:48  9282 9617973  PERF                 main: 317 | Multithreading disabled...

2020-03-20 03:09:48  9282 9617973  INFO         benchmarkVss:  48 | Benchmarking 8192 out of 16383 'fk' VSS ...
2020-03-20 03:09:48  9282 9617973  INFO         benchmarkVss:  55 |  * Creating 3 players...
2020-03-20 03:09:48  9282 9617973  INFO         benchmarkVss:  63 |  * Dealing 3 time(s): 1, 2, 3, done!
2020-03-20 03:12:08  9282 9617973  INFO         benchmarkVss:  76 |  * Verifying dealer(s) (0 times): 
2020-03-20 03:12:08  9282 9617973  INFO         benchmarkVss: 104 |  * Reconstructing (0 times): 
2020-03-20 03:12:08  9282 9617973  PERF         benchmarkVss: 148 | 
2020-03-20 03:12:08  9282 9617973  PERF         benchmarkVss: 150 | deal: 46.80 secs per lap, -/+ 755390 mus stddev, 46.25 secs min, 47.87 secs max (3 laps)
2020-03-20 03:12:08  9282 9617973  PERF         benchmarkVss: 151 | verify: did not run any laps yet.
2020-03-20 03:12:08  9282 9617973  PERF         benchmarkVss: 152 | Reconstr. best-case: did not run any laps yet.
2020-03-20 03:12:08  9282 9617973  PERF         benchmarkVss: 153 | Reconstr. worst-case: did not run any laps yet.
2020-03-20 03:12:08  9282 9617973  INFO        printMemUsage:  37 | VMS: 4.12 GiB
2020-03-20 03:12:08  9282 9617973  INFO        printMemUsage:  38 | RSS: 27.05 MiB
2020-03-20 03:12:08  9282 9617973  INFO         benchmarkVss: 194 | 
2020-03-20 03:12:08  9282 9617973  INFO                 main: 326 | Benchmark ended successfully!
2020-03-20 03:12:08  9353 9620279  INFO                 main: 241 | 
2020-03-20 03:12:08  9353 9620279  INFO                 main: 242 | Benchmarking VSSs:
2020-03-20 03:12:08  9353 9620279  INFO                 main: 244 |  * fk
2020-03-20 03:12:08  9353 9620279  INFO                 main: 247 | 
2020-03-20 03:12:08  9353 9620279  INFO                 main: 250 | Benchmarking thresholds: 
2020-03-20 03:12:08  9353 9620279  INFO                 main: 256 |  * 16384 out of 32767 VSSs
2020-03-20 03:12:08  9353 9620279  INFO                 main: 260 | 
2020-03-20 03:12:08  9353 9620279  INFO KatePublicParameters:  22 | Reading back q-PKE parameters... (verify = 0)
2020-03-20 03:12:08  9353 9620279  INFO KatePublicParameters:  28 | available q = 1048576, s = 10732145532678709363797014778137366245520050579514058540036152191332821422830
2020-03-20 03:12:08  9353 9620279  INFO KatePublicParameters:  43 | wanted q = 16383
2020-03-20 03:12:08  9353 9620279  INFO KatePublicParameters:  57 | 16383 params left to read, looking at /Users/alinush/repos/libpolycrypto/experiments/vss/../../public-params/1048576/1048576-0 ...
2020-03-20 03:12:10  9353 9620279  INFO                 main: 277 | Computing accumulators...
2020-03-20 03:12:10  9353 9620279  INFO                 main: 279 | Authenticating accumulators...
2020-03-20 03:12:16  9353 9620279  PERF                 main: 285 | VMS: 4.11 GiB
2020-03-20 03:12:16  9353 9620279  PERF                 main: 286 | RSS: 27.79 MiB
2020-03-20 03:12:16  9353 9620279  PERF                 main: 317 | Multithreading disabled...

2020-03-20 03:12:16  9353 9620279  INFO         benchmarkVss:  48 | Benchmarking 16384 out of 32767 'fk' VSS ...
2020-03-20 03:12:16  9353 9620279  INFO         benchmarkVss:  55 |  * Creating 1 players...
2020-03-20 03:12:16  9353 9620279  INFO         benchmarkVss:  63 |  * Dealing 1 time(s): 1, done!
2020-03-20 03:13:52  9353 9620279  INFO         benchmarkVss:  76 |  * Verifying dealer(s) (0 times): 
2020-03-20 03:13:52  9353 9620279  INFO         benchmarkVss: 104 |  * Reconstructing (0 times): 
2020-03-20 03:13:52  9353 9620279  PERF         benchmarkVss: 148 | 
2020-03-20 03:13:52  9353 9620279  PERF         benchmarkVss: 150 | deal: 1.60 mins per lap, -/+ nan mus stddev, 1.60 mins min, 1.60 mins max (1 laps)
2020-03-20 03:13:52  9353 9620279  PERF         benchmarkVss: 151 | verify: did not run any laps yet.
2020-03-20 03:13:52  9353 9620279  PERF         benchmarkVss: 152 | Reconstr. best-case: did not run any laps yet.
2020-03-20 03:13:52  9353 9620279  PERF         benchmarkVss: 153 | Reconstr. worst-case: did not run any laps yet.
2020-03-20 03:13:52  9353 9620279  INFO        printMemUsage:  37 | VMS: 4.14 GiB
2020-03-20 03:13:52  9353 9620279  INFO        printMemUsage:  38 | RSS: 43.18 MiB
2020-03-20 03:13:52  9353 9620279  INFO         benchmarkVss: 194 | 
2020-03-20 03:13:52  9353 9620279  INFO                 main: 326 | Benchmark ended successfully!
2020-03-20 03:13:52  9386 9621196  INFO                 main: 241 | 
2020-03-20 03:13:52  9386 9621196  INFO                 main: 242 | Benchmarking VSSs:
2020-03-20 03:13:52  9386 9621196  INFO                 main: 244 |  * fk
2020-03-20 03:13:52  9386 9621196  INFO                 main: 247 | 
2020-03-20 03:13:52  9386 9621196  INFO                 main: 250 | Benchmarking thresholds: 
2020-03-20 03:13:52  9386 9621196  INFO                 main: 256 |  * 32768 out of 65535 VSSs
2020-03-20 03:13:52  9386 9621196  INFO                 main: 260 | 
2020-03-20 03:13:52  9386 9621196  INFO KatePublicParameters:  22 | Reading back q-PKE parameters... (verify = 0)
2020-03-20 03:13:52  9386 9621196  INFO KatePublicParameters:  28 | available q = 1048576, s = 10732145532678709363797014778137366245520050579514058540036152191332821422830
2020-03-20 03:13:52  9386 9621196  INFO KatePublicParameters:  43 | wanted q = 32767
2020-03-20 03:13:52  9386 9621196  INFO KatePublicParameters:  57 | 32767 params left to read, looking at /Users/alinush/repos/libpolycrypto/experiments/vss/../../public-params/1048576/1048576-0 ...
2020-03-20 03:13:54  9386 9621196  INFO                 main: 277 | Computing accumulators...
2020-03-20 03:13:54  9386 9621196  INFO                 main: 279 | Authenticating accumulators...
2020-03-20 03:14:07  9386 9621196  PERF                 main: 285 | VMS: 4.15 GiB
2020-03-20 03:14:07  9386 9621196  PERF                 main: 286 | RSS: 53.79 MiB
2020-03-20 03:14:07  9386 9621196  PERF                 main: 317 | Multithreading disabled...

2020-03-20 03:14:07  9386 9621196  INFO         benchmarkVss:  48 | Benchmarking 32768 out of 65535 'fk' VSS ...
2020-03-20 03:14:07  9386 9621196  INFO         benchmarkVss:  55 |  * Creating 1 players...
2020-03-20 03:14:07  9386 9621196  INFO         benchmarkVss:  63 |  * Dealing 1 time(s): 1, done!
2020-03-20 03:17:39  9386 9621196  INFO         benchmarkVss:  76 |  * Verifying dealer(s) (0 times): 
2020-03-20 03:17:39  9386 9621196  INFO         benchmarkVss: 104 |  * Reconstructing (0 times): 
2020-03-20 03:17:39  9386 9621196  PERF         benchmarkVss: 148 | 
2020-03-20 03:17:39  9386 9621196  PERF         benchmarkVss: 150 | deal: 3.54 mins per lap, -/+ nan mus stddev, 3.54 mins min, 3.54 mins max (1 laps)
2020-03-20 03:17:39  9386 9621196  PERF         benchmarkVss: 151 | verify: did not run any laps yet.
2020-03-20 03:17:39  9386 9621196  PERF         benchmarkVss: 152 | Reconstr. best-case: did not run any laps yet.
2020-03-20 03:17:39  9386 9621196  PERF         benchmarkVss: 153 | Reconstr. worst-case: did not run any laps yet.
2020-03-20 03:17:39  9386 9621196  INFO        printMemUsage:  37 | VMS: 4.19 GiB
2020-03-20 03:17:39  9386 9621196  INFO        printMemUsage:  38 | RSS: 82.30 MiB
2020-03-20 03:17:39  9386 9621196  INFO         benchmarkVss: 194 | 
2020-03-20 03:17:39  9386 9621196  INFO                 main: 326 | Benchmark ended successfully!
2020-03-20 03:17:39  9436 9631061  INFO                 main: 241 | 
2020-03-20 03:17:39  9436 9631061  INFO                 main: 242 | Benchmarking VSSs:
2020-03-20 03:17:39  9436 9631061  INFO                 main: 244 |  * fk
2020-03-20 03:17:39  9436 9631061  INFO                 main: 247 | 
2020-03-20 03:17:39  9436 9631061  INFO                 main: 250 | Benchmarking thresholds: 
2020-03-20 03:17:39  9436 9631061  INFO                 main: 256 |  * 65536 out of 131071 VSSs
2020-03-20 03:17:39  9436 9631061  INFO                 main: 260 | 
2020-03-20 03:17:39  9436 9631061  INFO KatePublicParameters:  22 | Reading back q-PKE parameters... (verify = 0)
2020-03-20 03:17:39  9436 9631061  INFO KatePublicParameters:  28 | available q = 1048576, s = 10732145532678709363797014778137366245520050579514058540036152191332821422830
2020-03-20 03:17:39  9436 9631061  INFO KatePublicParameters:  43 | wanted q = 65535
2020-03-20 03:17:39  9436 9631061  INFO KatePublicParameters:  57 | 65535 params left to read, looking at /Users/alinush/repos/libpolycrypto/experiments/vss/../../public-params/1048576/1048576-0 ...
2020-03-20 03:17:45  9436 9631061  INFO                 main: 277 | Computing accumulators...
2020-03-20 03:17:45  9436 9631061  INFO                 main: 279 | Authenticating accumulators...
2020-03-20 03:18:10  9436 9631061  PERF                 main: 285 | VMS: 4.20 GiB
2020-03-20 03:18:10  9436 9631061  PERF                 main: 286 | RSS: 105.81 MiB
2020-03-20 03:18:10  9436 9631061  PERF                 main: 317 | Multithreading disabled...

2020-03-20 03:18:10  9436 9631061  INFO         benchmarkVss:  48 | Benchmarking 65536 out of 131071 'fk' VSS ...
2020-03-20 03:18:10  9436 9631061  INFO         benchmarkVss:  55 |  * Creating 1 players...
2020-03-20 03:18:10  9436 9631061  INFO         benchmarkVss:  63 |  * Dealing 1 time(s): 1, done!
2020-03-20 03:25:50  9436 9631061  INFO         benchmarkVss:  76 |  * Verifying dealer(s) (0 times): 
2020-03-20 03:25:50  9436 9631061  INFO         benchmarkVss: 104 |  * Reconstructing (0 times): 
2020-03-20 03:25:50  9436 9631061  PERF         benchmarkVss: 148 | 
2020-03-20 03:25:50  9436 9631061  PERF         benchmarkVss: 150 | deal: 7.67 mins per lap, -/+ nan mus stddev, 7.67 mins min, 7.67 mins max (1 laps)
2020-03-20 03:25:50  9436 9631061  PERF         benchmarkVss: 151 | verify: did not run any laps yet.
2020-03-20 03:25:50  9436 9631061  PERF         benchmarkVss: 152 | Reconstr. best-case: did not run any laps yet.
2020-03-20 03:25:50  9436 9631061  PERF         benchmarkVss: 153 | Reconstr. worst-case: did not run any laps yet.
2020-03-20 03:25:50  9436 9631061  INFO        printMemUsage:  37 | VMS: 4.26 GiB
2020-03-20 03:25:50  9436 9631061  INFO        printMemUsage:  38 | RSS: 162.68 MiB
2020-03-20 03:25:50  9436 9631061  INFO         benchmarkVss: 194 | 
2020-03-20 03:25:50  9436 9631061  INFO                 main: 326 | Benchmark ended successfully!
2020-03-20 03:25:50  9520 9674607  INFO                 main: 241 | 
2020-03-20 03:25:50  9520 9674607  INFO                 main: 242 | Benchmarking VSSs:
2020-03-20 03:25:50  9520 9674607  INFO                 main: 244 |  * fk
2020-03-20 03:25:50  9520 9674607  INFO                 main: 247 | 
2020-03-20 03:25:50  9520 9674607  INFO                 main: 250 | Benchmarking thresholds: 
2020-03-20 03:25:50  9520 9674607  INFO                 main: 256 |  * 131072 out of 262143 VSSs
2020-03-20 03:25:50  9520 9674607  INFO                 main: 260 | 
2020-03-20 03:25:50  9520 9674607  INFO KatePublicParameters:  22 | Reading back q-PKE parameters... (verify = 0)
2020-03-20 03:25:50  9520 9674607  INFO KatePublicParameters:  28 | available q = 1048576, s = 10732145532678709363797014778137366245520050579514058540036152191332821422830
2020-03-20 03:25:50  9520 9674607  INFO KatePublicParameters:  43 | wanted q = 131071
2020-03-20 03:25:50  9520 9674607  INFO KatePublicParameters:  57 | 131071 params left to read, looking at /Users/alinush/repos/libpolycrypto/experiments/vss/../../public-params/1048576/1048576-0 ...
2020-03-20 03:26:01  9520 9674607  INFO                 main: 277 | Computing accumulators...
2020-03-20 03:26:01  9520 9674607  INFO                 main: 279 | Authenticating accumulators...
2020-03-20 03:26:49  9520 9674607  PERF                 main: 285 | VMS: 4.30 GiB
2020-03-20 03:26:49  9520 9674607  PERF                 main: 286 | RSS: 209.81 MiB
2020-03-20 03:26:49  9520 9674607  PERF                 main: 317 | Multithreading disabled...

2020-03-20 03:26:49  9520 9674607  INFO         benchmarkVss:  48 | Benchmarking 131072 out of 262143 'fk' VSS ...
2020-03-20 03:26:49  9520 9674607  INFO         benchmarkVss:  55 |  * Creating 1 players...
2020-03-20 03:26:49  9520 9674607  INFO         benchmarkVss:  63 |  * Dealing 1 time(s): 1, done!
2020-03-20 03:42:55  9520 9674607  INFO         benchmarkVss:  76 |  * Verifying dealer(s) (0 times): 
2020-03-20 03:42:55  9520 9674607  INFO         benchmarkVss: 104 |  * Reconstructing (0 times): 
2020-03-20 03:42:55  9520 9674607  PERF         benchmarkVss: 148 | 
2020-03-20 03:42:55  9520 9674607  PERF         benchmarkVss: 150 | deal: 16.11 mins per lap, -/+ nan mus stddev, 16.11 mins min, 16.11 mins max (1 laps)
2020-03-20 03:42:55  9520 9674607  PERF         benchmarkVss: 151 | verify: did not run any laps yet.
2020-03-20 03:42:55  9520 9674607  PERF         benchmarkVss: 152 | Reconstr. best-case: did not run any laps yet.
2020-03-20 03:42:55  9520 9674607  PERF         benchmarkVss: 153 | Reconstr. worst-case: did not run any laps yet.
2020-03-20 03:42:55  9520 9674607  INFO        printMemUsage:  37 | VMS: 4.42 GiB
2020-03-20 03:42:55  9520 9674607  INFO        printMemUsage:  38 | RSS: 323.45 MiB
2020-03-20 03:42:55  9520 9674607  INFO         benchmarkVss: 194 | 
2020-03-20 03:42:55  9520 9674607  INFO                 main: 326 | Benchmark ended successfully!
2020-03-20 03:42:55  9705 9764326  INFO                 main: 241 | 
2020-03-20 03:42:55  9705 9764326  INFO                 main: 242 | Benchmarking VSSs:
2020-03-20 03:42:55  9705 9764326  INFO                 main: 244 |  * fk
2020-03-20 03:42:55  9705 9764326  INFO                 main: 247 | 
2020-03-20 03:42:55  9705 9764326  INFO                 main: 250 | Benchmarking thresholds: 
2020-03-20 03:42:55  9705 9764326  INFO                 main: 256 |  * 262144 out of 524287 VSSs
2020-03-20 03:42:55  9705 9764326  INFO                 main: 260 | 
2020-03-20 03:42:55  9705 9764326  INFO KatePublicParameters:  22 | Reading back q-PKE parameters... (verify = 0)
2020-03-20 03:42:55  9705 9764326  INFO KatePublicParameters:  28 | available q = 1048576, s = 10732145532678709363797014778137366245520050579514058540036152191332821422830
2020-03-20 03:42:55  9705 9764326  INFO KatePublicParameters:  43 | wanted q = 262143
2020-03-20 03:42:56  9705 9764326  INFO KatePublicParameters:  57 | 262143 params left to read, looking at /Users/alinush/repos/libpolycrypto/experiments/vss/../../public-params/1048576/1048576-0 ...
2020-03-20 03:43:06  9705 9764326  INFO KatePublicParameters:  57 | 131071 params left to read, looking at /Users/alinush/repos/libpolycrypto/experiments/vss/../../public-params/1048576/1048576-1 ...
2020-03-20 03:43:17  9705 9764326  INFO                 main: 277 | Computing accumulators...
2020-03-20 03:43:17  9705 9764326  INFO                 main: 279 | Authenticating accumulators...
2020-03-20 03:44:56  9705 9764326  PERF                 main: 285 | VMS: 4.51 GiB
2020-03-20 03:44:56  9705 9764326  PERF                 main: 286 | RSS: 417.81 MiB
2020-03-20 03:44:56  9705 9764326  PERF                 main: 317 | Multithreading disabled...

2020-03-20 03:44:57  9705 9764326  INFO         benchmarkVss:  48 | Benchmarking 262144 out of 524287 'fk' VSS ...
2020-03-20 03:44:57  9705 9764326  INFO         benchmarkVss:  55 |  * Creating 1 players...
2020-03-20 03:44:57  9705 9764326  INFO         benchmarkVss:  63 |  * Dealing 1 time(s): 1, done!
2020-03-20 04:19:01  9705 9764326  INFO         benchmarkVss:  76 |  * Verifying dealer(s) (0 times): 
2020-03-20 04:19:01  9705 9764326  INFO         benchmarkVss: 104 |  * Reconstructing (0 times): 
2020-03-20 04:19:01  9705 9764326  PERF         benchmarkVss: 148 | 
2020-03-20 04:19:01  9705 9764326  PERF         benchmarkVss: 150 | deal: 34.08 mins per lap, -/+ nan mus stddev, 34.08 mins min, 34.08 mins max (1 laps)
2020-03-20 04:19:01  9705 9764326  PERF         benchmarkVss: 151 | verify: did not run any laps yet.
2020-03-20 04:19:01  9705 9764326  PERF         benchmarkVss: 152 | Reconstr. best-case: did not run any laps yet.
2020-03-20 04:19:01  9705 9764326  PERF         benchmarkVss: 153 | Reconstr. worst-case: did not run any laps yet.
2020-03-20 04:19:01  9705 9764326  INFO        printMemUsage:  37 | VMS: 4.73 GiB
2020-03-20 04:19:01  9705 9764326  INFO        printMemUsage:  38 | RSS: 362.58 MiB
2020-03-20 04:19:01  9705 9764326  INFO         benchmarkVss: 194 | 
2020-03-20 04:19:01  9705 9764326  INFO                 main: 326 | Benchmark ended successfully!
2020-03-20 04:19:01 10122 9959026  INFO                 main: 241 | 
2020-03-20 04:19:01 10122 9959026  INFO                 main: 242 | Benchmarking VSSs:
2020-03-20 04:19:01 10122 9959026  INFO                 main: 244 |  * fk
2020-03-20 04:19:01 10122 9959026  INFO                 main: 247 | 
2020-03-20 04:19:01 10122 9959026  INFO                 main: 250 | Benchmarking thresholds: 
2020-03-20 04:19:01 10122 9959026  INFO                 main: 256 |  * 524288 out of 1048575 VSSs
2020-03-20 04:19:01 10122 9959026  INFO                 main: 260 | 
2020-03-20 04:19:01 10122 9959026  INFO KatePublicParameters:  22 | Reading back q-PKE parameters... (verify = 0)
2020-03-20 04:19:01 10122 9959026  INFO KatePublicParameters:  28 | available q = 1048576, s = 10732145532678709363797014778137366245520050579514058540036152191332821422830
2020-03-20 04:19:01 10122 9959026  INFO KatePublicParameters:  43 | wanted q = 524287
2020-03-20 04:19:01 10122 9959026  INFO KatePublicParameters:  57 | 524287 params left to read, looking at /Users/alinush/repos/libpolycrypto/experiments/vss/../../public-params/1048576/1048576-0 ...
2020-03-20 04:19:12 10122 9959026  INFO KatePublicParameters:  57 | 393215 params left to read, looking at /Users/alinush/repos/libpolycrypto/experiments/vss/../../public-params/1048576/1048576-1 ...
2020-03-20 04:19:22 10122 9959026  INFO KatePublicParameters:  57 | 262143 params left to read, looking at /Users/alinush/repos/libpolycrypto/experiments/vss/../../public-params/1048576/1048576-2 ...
2020-03-20 04:19:33 10122 9959026  INFO KatePublicParameters:  57 | 131071 params left to read, looking at /Users/alinush/repos/libpolycrypto/experiments/vss/../../public-params/1048576/1048576-3 ...
2020-03-20 04:19:44 10122 9959026  INFO                 main: 277 | Computing accumulators...
2020-03-20 04:19:44 10122 9959026  INFO                 main: 279 | Authenticating accumulators...
2020-03-20 04:23:05 10122 9959026  PERF                 main: 285 | VMS: 4.73 GiB
2020-03-20 04:23:05 10122 9959026  PERF                 main: 286 | RSS: 641.82 MiB
2020-03-20 04:23:05 10122 9959026  PERF                 main: 317 | Multithreading disabled...

2020-03-20 04:23:05 10122 9959026  INFO         benchmarkVss:  48 | Benchmarking 524288 out of 1048575 'fk' VSS ...
2020-03-20 04:23:05 10122 9959026  INFO         benchmarkVss:  55 |  * Creating 1 players...
2020-03-20 04:23:05 10122 9959026  INFO         benchmarkVss:  63 |  * Dealing 1 time(s): 1, done!
2020-03-20 05:33:28 10122 9959026  INFO         benchmarkVss:  76 |  * Verifying dealer(s) (0 times): 
2020-03-20 05:33:28 10122 9959026  INFO         benchmarkVss: 104 |  * Reconstructing (0 times): 
2020-03-20 05:33:28 10122 9959026  PERF         benchmarkVss: 148 | 
2020-03-20 05:33:28 10122 9959026  PERF         benchmarkVss: 150 | deal: 1.17 hrs per lap, -/+ nan mus stddev, 1.17 hrs min, 1.17 hrs max (1 laps)
2020-03-20 05:33:28 10122 9959026  PERF         benchmarkVss: 151 | verify: did not run any laps yet.
2020-03-20 05:33:28 10122 9959026  PERF         benchmarkVss: 152 | Reconstr. best-case: did not run any laps yet.
2020-03-20 05:33:28 10122 9959026  PERF         benchmarkVss: 153 | Reconstr. worst-case: did not run any laps yet.
2020-03-20 05:33:28 10122 9959026  INFO        printMemUsage:  37 | VMS: 5.18 GiB
2020-03-20 05:33:28 10122 9959026  INFO        printMemUsage:  38 | RSS: 690.78 MiB
2020-03-20 05:33:28 10122 9959026  INFO         benchmarkVss: 194 | 
2020-03-20 05:33:29 10122 9959026  INFO                 main: 326 | Benchmark ended successfully!
2020-03-20 05:33:29 10807 10116286  INFO                 main: 241 | 
2020-03-20 05:33:29 10807 10116286  INFO                 main: 242 | Benchmarking VSSs:
2020-03-20 05:33:29 10807 10116286  INFO                 main: 244 |  * fk
2020-03-20 05:33:29 10807 10116286  INFO                 main: 247 | 
2020-03-20 05:33:29 10807 10116286  INFO                 main: 250 | Benchmarking thresholds: 
2020-03-20 05:33:29 10807 10116286  INFO                 main: 256 |  * 1048576 out of 2097151 VSSs
2020-03-20 05:33:29 10807 10116286  INFO                 main: 260 | 
2020-03-20 05:33:29 10807 10116286  INFO KatePublicParameters:  22 | Reading back q-PKE parameters... (verify = 0)
2020-03-20 05:33:29 10807 10116286  INFO KatePublicParameters:  28 | available q = 1048576, s = 10732145532678709363797014778137366245520050579514058540036152191332821422830
2020-03-20 05:33:29 10807 10116286  INFO KatePublicParameters:  43 | wanted q = 1048575
2020-03-20 05:33:29 10807 10116286  INFO KatePublicParameters:  57 | 1048575 params left to read, looking at /Users/alinush/repos/libpolycrypto/experiments/vss/../../public-params/1048576/1048576-0 ...
2020-03-20 05:33:41 10807 10116286  INFO KatePublicParameters:  57 | 917503 params left to read, looking at /Users/alinush/repos/libpolycrypto/experiments/vss/../../public-params/1048576/1048576-1 ...
2020-03-20 05:33:52 10807 10116286  INFO KatePublicParameters:  57 | 786431 params left to read, looking at /Users/alinush/repos/libpolycrypto/experiments/vss/../../public-params/1048576/1048576-2 ...
2020-03-20 05:34:04 10807 10116286  INFO KatePublicParameters:  57 | 655359 params left to read, looking at /Users/alinush/repos/libpolycrypto/experiments/vss/../../public-params/1048576/1048576-3 ...
2020-03-20 05:34:16 10807 10116286  INFO KatePublicParameters:  57 | 524287 params left to read, looking at /Users/alinush/repos/libpolycrypto/experiments/vss/../../public-params/1048576/1048576-4 ...
2020-03-20 05:34:28 10807 10116286  INFO KatePublicParameters:  57 | 393215 params left to read, looking at /Users/alinush/repos/libpolycrypto/experiments/vss/../../public-params/1048576/1048576-5 ...
2020-03-20 05:34:40 10807 10116286  INFO KatePublicParameters:  57 | 262143 params left to read, looking at /Users/alinush/repos/libpolycrypto/experiments/vss/../../public-params/1048576/1048576-6 ...
2020-03-20 05:34:51 10807 10116286  INFO KatePublicParameters:  57 | 131071 params left to read, looking at /Users/alinush/repos/libpolycrypto/experiments/vss/../../public-params/1048576/1048576-7 ...
2020-03-20 05:35:03 10807 10116286  INFO                 main: 277 | Computing accumulators...
2020-03-20 05:35:04 10807 10116286  INFO                 main: 279 | Authenticating accumulators...
2020-03-20 05:42:27 10807 10116286  PERF                 main: 285 | VMS: 5.38 GiB
2020-03-20 05:42:27 10807 10116286  PERF                 main: 286 | RSS: 1.25 GiB
2020-03-20 05:42:27 10807 10116286  PERF                 main: 317 | Multithreading disabled...

2020-03-20 05:42:27 10807 10116286  INFO         benchmarkVss:  48 | Benchmarking 1048576 out of 2097151 'fk' VSS ...
2020-03-20 05:42:27 10807 10116286  INFO         benchmarkVss:  55 |  * Creating 1 players...
2020-03-20 05:42:27 10807 10116286  INFO         benchmarkVss:  63 |  * Dealing 1 time(s): 1, done!
2020-03-20 08:29:52 10807 10116286  INFO         benchmarkVss:  76 |  * Verifying dealer(s) (0 times): 
2020-03-20 08:29:52 10807 10116286  INFO         benchmarkVss: 104 |  * Reconstructing (0 times): 
2020-03-20 08:29:52 10807 10116286  PERF         benchmarkVss: 148 | 
2020-03-20 08:29:52 10807 10116286  PERF         benchmarkVss: 150 | deal: 2.79 hrs per lap, -/+ nan mus stddev, 2.79 hrs min, 2.79 hrs max (1 laps)
2020-03-20 08:29:52 10807 10116286  PERF         benchmarkVss: 151 | verify: did not run any laps yet.
2020-03-20 08:29:52 10807 10116286  PERF         benchmarkVss: 152 | Reconstr. best-case: did not run any laps yet.
2020-03-20 08:29:52 10807 10116286  PERF         benchmarkVss: 153 | Reconstr. worst-case: did not run any laps yet.
2020-03-20 08:29:52 10807 10116286  INFO        printMemUsage:  37 | VMS: 6.07 GiB
2020-03-20 08:29:52 10807 10116286  INFO        printMemUsage:  38 | RSS: 1.12 GiB
2020-03-20 08:29:52 10807 10116286  INFO         benchmarkVss: 194 | 
2020-03-20 08:29:52 10807 10116286  INFO                 main: 326 | Benchmark ended successfully!
